Flow report for pipelinedProc
Mon Apr 03 21:53:22 2023
Quartus II 64-Bit Version 13.0.1 Build 232 06/12/2013 Service Pack 1 SJ Web Edition


---------------------
; Table of Contents ;
---------------------
  1. Legal Notice
  2. Flow Summary
  3. Flow Settings
  4. Flow Non-Default Global Settings
  5. Flow Elapsed Time
  6. Flow OS Summary
  7. Flow Log
  8. Flow Messages
  9. Flow Suppressed Messages



----------------
; Legal Notice ;
----------------
Copyright (C) 1991-2013 Altera Corporation
Your use of Altera Corporation's design tools, logic functions 
and other software and tools, and its AMPP partner logic 
functions, and any output files from any of the foregoing 
(including device programming or simulation files), and any 
associated documentation or information are expressly subject 
to the terms and conditions of the Altera Program License 
Subscription Agreement, Altera MegaCore Function License 
Agreement, or other applicable license agreement, including, 
without limitation, that your use is for the sole purpose of 
programming logic devices manufactured by Altera and sold by 
Altera or its authorized distributors.  Please refer to the 
applicable agreement for further details.



+--------------------------------------------------------------------------------------+
; Flow Summary                                                                         ;
+------------------------------------+-------------------------------------------------+
; Flow Status                        ; Successful - Mon Apr 03 21:53:22 2023           ;
; Quartus II 64-Bit Version          ; 13.0.1 Build 232 06/12/2013 SP 1 SJ Web Edition ;
; Revision Name                      ; pipelinedProc                                   ;
; Top-level Entity Name              ; pipelinedProc                                   ;
; Family                             ; Cyclone IV GX                                   ;
; Total logic elements               ; 2,405 / 21,280 ( 11 % )                         ;
;     Total combinational functions  ; 2,405 / 21,280 ( 11 % )                         ;
;     Dedicated logic registers      ; 0 / 21,280 ( 0 % )                              ;
; Total registers                    ; 0                                               ;
; Total pins                         ; 52 / 167 ( 31 % )                               ;
; Total virtual pins                 ; 0                                               ;
; Total memory bits                  ; 10,240 / 774,144 ( 1 % )                        ;
; Embedded Multiplier 9-bit elements ; 0 / 80 ( 0 % )                                  ;
; Total GXB Receiver Channel PCS     ; 0 / 4 ( 0 % )                                   ;
; Total GXB Receiver Channel PMA     ; 0 / 4 ( 0 % )                                   ;
; Total GXB Transmitter Channel PCS  ; 0 / 4 ( 0 % )                                   ;
; Total GXB Transmitter Channel PMA  ; 0 / 4 ( 0 % )                                   ;
; Total PLLs                         ; 0 / 4 ( 0 % )                                   ;
; Device                             ; EP4CGX22CF19C6                                  ;
; Timing Models                      ; Final                                           ;
+------------------------------------+-------------------------------------------------+


+-----------------------------------------+
; Flow Settings                           ;
+-------------------+---------------------+
; Option            ; Setting             ;
+-------------------+---------------------+
; Start date & time ; 04/03/2023 21:51:55 ;
; Main task         ; Compilation         ;
; Revision Name     ; pipelinedProc       ;
+-------------------+---------------------+


+-------------------------------------------------------------------------------------------------------------------+
; Flow Non-Default Global Settings                                                                                  ;
+-------------------------------------+------------------------------+---------------+-------------+----------------+
; Assignment Name                     ; Value                        ; Default Value ; Entity Name ; Section Id     ;
+-------------------------------------+------------------------------+---------------+-------------+----------------+
; COMPILER_SIGNATURE_ID               ; 345050264417.168057311516996 ; --            ; --          ; --             ;
; EDA_GENERATE_FUNCTIONAL_NETLIST     ; On                           ; --            ; --          ; eda_simulation ;
; EDA_OUTPUT_DATA_FORMAT              ; Verilog Hdl                  ; --            ; --          ; eda_simulation ;
; EDA_SIMULATION_TOOL                 ; ModelSim-Altera (Verilog)    ; <None>        ; --          ; --             ;
; PARTITION_COLOR                     ; 16764057                     ; --            ; --          ; Top            ;
; PARTITION_FITTER_PRESERVATION_LEVEL ; PLACEMENT_AND_ROUTING        ; --            ; --          ; Top            ;
; PARTITION_NETLIST_TYPE              ; SOURCE                       ; --            ; --          ; Top            ;
; PROJECT_OUTPUT_DIRECTORY            ; output_files                 ; --            ; --          ; --             ;
+-------------------------------------+------------------------------+---------------+-------------+----------------+


+-------------------------------------------------------------------------------------------------------------------------------+
; Flow Elapsed Time                                                                                                             ;
+---------------------------+--------------+-------------------------+---------------------+------------------------------------+
; Module Name               ; Elapsed Time ; Average Processors Used ; Peak Virtual Memory ; Total CPU Time (on all processors) ;
+---------------------------+--------------+-------------------------+---------------------+------------------------------------+
; Analysis & Synthesis      ; 00:00:17     ; 1.0                     ; 635 MB              ; 00:00:15                           ;
; Fitter                    ; 00:00:22     ; 1.0                     ; 843 MB              ; 00:00:21                           ;
; Assembler                 ; 00:00:03     ; 1.0                     ; 490 MB              ; 00:00:03                           ;
; TimeQuest Timing Analyzer ; 00:00:07     ; 1.0                     ; 521 MB              ; 00:00:06                           ;
; EDA Netlist Writer        ; 00:00:02     ; 1.0                     ; 466 MB              ; 00:00:01                           ;
; EDA Netlist Writer        ; 00:00:02     ; 1.0                     ; 471 MB              ; 00:00:02                           ;
; EDA Netlist Writer        ; 00:00:02     ; 1.0                     ; 471 MB              ; 00:00:02                           ;
; Total                     ; 00:00:55     ; --                      ; --                  ; 00:00:50                           ;
+---------------------------+--------------+-------------------------+---------------------+------------------------------------+


+----------------------------------------------------------------------------------------+
; Flow OS Summary                                                                        ;
+---------------------------+------------------+-----------+------------+----------------+
; Module Name               ; Machine Hostname ; OS Name   ; OS Version ; Processor type ;
+---------------------------+------------------+-----------+------------+----------------+
; Analysis & Synthesis      ; 1850-RDSHPRD3    ; Windows 7 ; 6.2        ; x86_64         ;
; Fitter                    ; 1850-RDSHPRD3    ; Windows 7 ; 6.2        ; x86_64         ;
; Assembler                 ; 1850-RDSHPRD3    ; Windows 7 ; 6.2        ; x86_64         ;
; TimeQuest Timing Analyzer ; 1850-RDSHPRD3    ; Windows 7 ; 6.2        ; x86_64         ;
; EDA Netlist Writer        ; 1850-RDSHPRD3    ; Windows 7 ; 6.2        ; x86_64         ;
; EDA Netlist Writer        ; 1850-RDSHPRD3    ; Windows 7 ; 6.2        ; x86_64         ;
; EDA Netlist Writer        ; 1850-RDSHPRD3    ; Windows 7 ; 6.2        ; x86_64         ;
+---------------------------+------------------+-----------+------------+----------------+


------------
; Flow Log ;
------------
quartus_map --read_settings_files=on --write_settings_files=off pipelinedProc -c pipelinedProc
quartus_fit --read_settings_files=off --write_settings_files=off pipelinedProc -c pipelinedProc
quartus_asm --read_settings_files=off --write_settings_files=off pipelinedProc -c pipelinedProc
quartus_sta pipelinedProc -c pipelinedProc
quartus_eda --read_settings_files=off --write_settings_files=off pipelinedProc -c pipelinedProc
quartus_eda --gen_testbench --check_outputs=on --tool=modelsim_oem --format=verilog pipelinedProc -c pipelinedProc --vector_source=H:/mkili025/ceg3156/lab3/pipelinedProc_test.vwf --testbench_file=./simulation/qsim/pipelinedProc.vt
quartus_eda --functional=on --simulation=on --tool=modelsim_oem --format=verilog pipelinedProc -c pipelinedProc



